==========================================
TabICL Cross-Validation Analysis on PBC
Job ID: 81133
Node: helios
Started: Mon  1 Dec 14:48:26 CET 2025
==========================================
============================================================
CROSS-VALIDATION ANALYSIS: TabICL on PBC
============================================================
Folds: 5 | Random Search Iterations: 20
Modes: ['raw', 'deep', 'deep+raw']
Models: ['CoxPH', 'RSF', 'XGBoost', 'DeepSurv']
============================================================
Running: CoxPH (raw)
Fold 0
Fold 1
Fold 2
Fold 3
Fold 4
  → CoxPH (raw): C-Index=0.8415, IBS=0.1349
Running: RSF (raw)
Fold 0
Fold 1
Fold 2
Fold 3
Fold 4
  → RSF (raw): C-Index=0.8617, IBS=0.1166
Running: XGBoost (raw)
Fold 0
Fold 1
Fold 2
Fold 3
Fold 4
  → XGBoost (raw): C-Index=0.8582, IBS=0.1987
Running: DeepSurv (raw)
Fold 0
Early stopping at epoch 77
Early stopping at epoch 291
Early stopping at epoch 40
Early stopping at epoch 135
Early stopping at epoch 15
Early stopping at epoch 64
Early stopping at epoch 44
Early stopping at epoch 313
Early stopping at epoch 27
Early stopping at epoch 199
Early stopping at epoch 20
Early stopping at epoch 67
Early stopping at epoch 56
Early stopping at epoch 379
Early stopping at epoch 61
Early stopping at epoch 183
Early stopping at epoch 59
Early stopping at epoch 185
Fold 1
Early stopping at epoch 53
Early stopping at epoch 320
Early stopping at epoch 24
Early stopping at epoch 163
Early stopping at epoch 18
Early stopping at epoch 109
Early stopping at epoch 53
Early stopping at epoch 359
Early stopping at epoch 39
Early stopping at epoch 203
Early stopping at epoch 29
Early stopping at epoch 158
Early stopping at epoch 83
Early stopping at epoch 396
Early stopping at epoch 67
Early stopping at epoch 259
Early stopping at epoch 32
Early stopping at epoch 149
Fold 2
Early stopping at epoch 86
Early stopping at epoch 30
Early stopping at epoch 204
Early stopping at epoch 28
Early stopping at epoch 174
Early stopping at epoch 86
Early stopping at epoch 445
Early stopping at epoch 86
Early stopping at epoch 272
Early stopping at epoch 63
Early stopping at epoch 312
Early stopping at epoch 86
Early stopping at epoch 422
Early stopping at epoch 74
Early stopping at epoch 257
Early stopping at epoch 89
Early stopping at epoch 239
Fold 3
Early stopping at epoch 72
Early stopping at epoch 431
Early stopping at epoch 29
Early stopping at epoch 191
Early stopping at epoch 33
Early stopping at epoch 168
Early stopping at epoch 88
Early stopping at epoch 498
Early stopping at epoch 56
Early stopping at epoch 219
Early stopping at epoch 50
Early stopping at epoch 206
Early stopping at epoch 88
Early stopping at epoch 403
Early stopping at epoch 83
Early stopping at epoch 219
Early stopping at epoch 52
Early stopping at epoch 170
Fold 4
Early stopping at epoch 51
Early stopping at epoch 208
Early stopping at epoch 16
Early stopping at epoch 117
Early stopping at epoch 11
Early stopping at epoch 55
Early stopping at epoch 43
Early stopping at epoch 295
Early stopping at epoch 27
Early stopping at epoch 168
Early stopping at epoch 18
Early stopping at epoch 78
Early stopping at epoch 61
Early stopping at epoch 341
Early stopping at epoch 62
Early stopping at epoch 213
Early stopping at epoch 47
Early stopping at epoch 126
  → DeepSurv (raw): C-Index=0.8540, IBS=0.1369
Running: CoxPH (deep)
Fold 0: TabICL (deep)
TabICL: 1244 samples, 25 features
  → Deep embeddings: 512D
  → Final shape: 512 features
  → Embeddings: 512 features
Fold 1: TabICL (deep)
TabICL: 1244 samples, 25 features
  → Deep embeddings: 512D
  → Final shape: 512 features
  → Embeddings: 512 features
Fold 2: TabICL (deep)
TabICL: 1244 samples, 25 features
  → Deep embeddings: 512D
  → Final shape: 512 features
  → Embeddings: 512 features
Fold 3: TabICL (deep)
TabICL: 1244 samples, 25 features
  → Deep embeddings: 512D
  → Final shape: 512 features
  → Embeddings: 512 features
Fold 4: TabICL (deep)
TabICL: 1244 samples, 25 features
  → Deep embeddings: 512D
  → Final shape: 512 features
  → Embeddings: 512 features
  → CoxPH (deep): C-Index=0.8531, IBS=0.1267
Running: RSF (deep)
Fold 0: TabICL (deep)
TabICL: 1244 samples, 25 features
  → Deep embeddings: 512D
  → PCA: 512D → 32D (96.2% variance)
  → Final shape: 32 features
  → Embeddings: 32 features
Fold 1: TabICL (deep)
TabICL: 1244 samples, 25 features
  → Deep embeddings: 512D
  → PCA: 512D → 32D (95.8% variance)
  → Final shape: 32 features
  → Embeddings: 32 features
Fold 2: TabICL (deep)
TabICL: 1244 samples, 25 features
  → Deep embeddings: 512D
  → PCA: 512D → 32D (95.6% variance)
  → Final shape: 32 features
  → Embeddings: 32 features
Fold 3: TabICL (deep)
TabICL: 1244 samples, 25 features
  → Deep embeddings: 512D
  → PCA: 512D → 32D (96.2% variance)
  → Final shape: 32 features
  → Embeddings: 32 features
Fold 4: TabICL (deep)
TabICL: 1244 samples, 25 features
  → Deep embeddings: 512D
  → PCA: 512D → 32D (96.1% variance)
  → Final shape: 32 features
  → Embeddings: 32 features
  → RSF (deep): C-Index=0.8452, IBS=0.1359
Running: XGBoost (deep)
Fold 0: TabICL (deep)
TabICL: 1244 samples, 25 features
  → Deep embeddings: 512D
  → PCA: 512D → 32D (96.2% variance)
  → Final shape: 32 features
  → Embeddings: 32 features
Fold 1: TabICL (deep)
TabICL: 1244 samples, 25 features
  → Deep embeddings: 512D
  → PCA: 512D → 32D (95.8% variance)
  → Final shape: 32 features
  → Embeddings: 32 features
Fold 2: TabICL (deep)
TabICL: 1244 samples, 25 features
  → Deep embeddings: 512D
  → PCA: 512D → 32D (95.6% variance)
  → Final shape: 32 features
  → Embeddings: 32 features
Fold 3: TabICL (deep)
TabICL: 1244 samples, 25 features
  → Deep embeddings: 512D
  → PCA: 512D → 32D (96.2% variance)
  → Final shape: 32 features
  → Embeddings: 32 features
Fold 4: TabICL (deep)
TabICL: 1244 samples, 25 features
  → Deep embeddings: 512D
  → PCA: 512D → 32D (96.1% variance)
  → Final shape: 32 features
  → Embeddings: 32 features
  → XGBoost (deep): C-Index=0.8352, IBS=0.2022
Running: DeepSurv (deep)
Fold 0: TabICL (deep)
TabICL: 1244 samples, 25 features
  → Deep embeddings: 512D
  → Final shape: 512 features
  → Embeddings: 512 features
Early stopping at epoch 29
Early stopping at epoch 193
Early stopping at epoch 30
Early stopping at epoch 147
Early stopping at epoch 18
Early stopping at epoch 93
Early stopping at epoch 32
Early stopping at epoch 203
Early stopping at epoch 49
Early stopping at epoch 224
Early stopping at epoch 19
Early stopping at epoch 134
Early stopping at epoch 29
Early stopping at epoch 178
Early stopping at epoch 66
Early stopping at epoch 258
Early stopping at epoch 64
Early stopping at epoch 227
Fold 1: TabICL (deep)
TabICL: 1244 samples, 25 features
  → Deep embeddings: 512D
  → Final shape: 512 features
  → Embeddings: 512 features
Early stopping at epoch 47
Early stopping at epoch 343
Early stopping at epoch 45
Early stopping at epoch 298
Early stopping at epoch 29
Early stopping at epoch 184
Early stopping at epoch 48
Early stopping at epoch 373
Early stopping at epoch 75
Early stopping at epoch 373
Early stopping at epoch 43
Early stopping at epoch 259
Early stopping at epoch 63
Early stopping at epoch 416
Early stopping at epoch 74
Early stopping at epoch 421
Early stopping at epoch 75
Early stopping at epoch 335
Fold 2: TabICL (deep)
TabICL: 1244 samples, 25 features
  → Deep embeddings: 512D
  → Final shape: 512 features
  → Embeddings: 512 features
Early stopping at epoch 74
Early stopping at epoch 58
Early stopping at epoch 365
Early stopping at epoch 35
Early stopping at epoch 194
Early stopping at epoch 92
Early stopping at epoch 105
Early stopping at epoch 53
Early stopping at epoch 220
Early stopping at epoch 99
Early stopping at epoch 148
Early stopping at epoch 68
Early stopping at epoch 312
Fold 3: TabICL (deep)
TabICL: 1244 samples, 25 features
  → Deep embeddings: 512D
  → Final shape: 512 features
  → Embeddings: 512 features
Early stopping at epoch 104
Early stopping at epoch 433
Early stopping at epoch 64
Early stopping at epoch 342
Early stopping at epoch 50
Early stopping at epoch 214
Early stopping at epoch 45
Early stopping at epoch 232
Early stopping at epoch 54
Early stopping at epoch 300
Early stopping at epoch 58
Early stopping at epoch 252
Early stopping at epoch 62
Early stopping at epoch 232
Early stopping at epoch 91
Early stopping at epoch 291
Early stopping at epoch 59
Early stopping at epoch 379
Fold 4: TabICL (deep)
TabICL: 1244 samples, 25 features
  → Deep embeddings: 512D
  → Final shape: 512 features
  → Embeddings: 512 features
Early stopping at epoch 76
Early stopping at epoch 294
Early stopping at epoch 61
Early stopping at epoch 306
Early stopping at epoch 42
Early stopping at epoch 164
Early stopping at epoch 63
Early stopping at epoch 406
Early stopping at epoch 61
Early stopping at epoch 199
Early stopping at epoch 52
Early stopping at epoch 237
Early stopping at epoch 97
Early stopping at epoch 316
Early stopping at epoch 92
Early stopping at epoch 274
Early stopping at epoch 75
Early stopping at epoch 309
  → DeepSurv (deep): C-Index=0.8676, IBS=0.1246
Running: CoxPH (deep+raw)
Fold 0: TabICL (deep+raw)
TabICL: 1244 samples, 25 features
  → Deep embeddings: 512D
  → Final shape: 537 features
  → Embeddings: 537 features
Fold 1: TabICL (deep+raw)
TabICL: 1244 samples, 25 features
  → Deep embeddings: 512D
  → Final shape: 537 features
  → Embeddings: 537 features
Fold 2: TabICL (deep+raw)
TabICL: 1244 samples, 25 features
  → Deep embeddings: 512D
  → Final shape: 537 features
  → Embeddings: 537 features
Fold 3: TabICL (deep+raw)
TabICL: 1244 samples, 25 features
  → Deep embeddings: 512D
  → Final shape: 537 features
  → Embeddings: 537 features
Fold 4: TabICL (deep+raw)
TabICL: 1244 samples, 25 features
  → Deep embeddings: 512D
  → Final shape: 537 features
  → Embeddings: 537 features
  → CoxPH (deep+raw): C-Index=0.8491, IBS=0.1254
Running: RSF (deep+raw)
Fold 0: TabICL (deep+raw)
TabICL: 1244 samples, 25 features
  → Deep embeddings: 512D
  → PCA: 512D → 32D (96.2% variance)
  → Final shape: 57 features
  → Embeddings: 57 features
Fold 1: TabICL (deep+raw)
TabICL: 1244 samples, 25 features
  → Deep embeddings: 512D
  → PCA: 512D → 32D (95.8% variance)
  → Final shape: 57 features
  → Embeddings: 57 features
Fold 2: TabICL (deep+raw)
TabICL: 1244 samples, 25 features
  → Deep embeddings: 512D
  → PCA: 512D → 32D (95.6% variance)
  → Final shape: 57 features
  → Embeddings: 57 features
Fold 3: TabICL (deep+raw)
TabICL: 1244 samples, 25 features
  → Deep embeddings: 512D
  → PCA: 512D → 32D (96.2% variance)
  → Final shape: 57 features
  → Embeddings: 57 features
Fold 4: TabICL (deep+raw)
TabICL: 1244 samples, 25 features
  → Deep embeddings: 512D
  → PCA: 512D → 32D (96.1% variance)
  → Final shape: 57 features
  → Embeddings: 57 features
  → RSF (deep+raw): C-Index=0.8599, IBS=0.1198
Running: XGBoost (deep+raw)
Fold 0: TabICL (deep+raw)
TabICL: 1244 samples, 25 features
  → Deep embeddings: 512D
  → PCA: 512D → 32D (96.2% variance)
  → Final shape: 57 features
  → Embeddings: 57 features
Fold 1: TabICL (deep+raw)
TabICL: 1244 samples, 25 features
  → Deep embeddings: 512D
  → PCA: 512D → 32D (95.8% variance)
  → Final shape: 57 features
  → Embeddings: 57 features
Fold 2: TabICL (deep+raw)
TabICL: 1244 samples, 25 features
  → Deep embeddings: 512D
  → PCA: 512D → 32D (95.6% variance)
  → Final shape: 57 features
  → Embeddings: 57 features
Fold 3: TabICL (deep+raw)
TabICL: 1244 samples, 25 features
  → Deep embeddings: 512D
  → PCA: 512D → 32D (96.2% variance)
  → Final shape: 57 features
  → Embeddings: 57 features
Fold 4: TabICL (deep+raw)
TabICL: 1244 samples, 25 features
  → Deep embeddings: 512D
  → PCA: 512D → 32D (96.1% variance)
  → Final shape: 57 features
  → Embeddings: 57 features
  → XGBoost (deep+raw): C-Index=0.8480, IBS=0.2022
Running: DeepSurv (deep+raw)
Fold 0: TabICL (deep+raw)
TabICL: 1244 samples, 25 features
  → Deep embeddings: 512D
  → Final shape: 537 features
  → Embeddings: 537 features
Early stopping at epoch 21
Early stopping at epoch 129
Early stopping at epoch 22
Early stopping at epoch 149
Early stopping at epoch 19
Early stopping at epoch 109
Early stopping at epoch 24
Early stopping at epoch 139
Early stopping at epoch 38
Early stopping at epoch 159
Early stopping at epoch 25
Early stopping at epoch 147
Early stopping at epoch 32
Early stopping at epoch 168
Early stopping at epoch 39
Early stopping at epoch 258
Early stopping at epoch 57
Early stopping at epoch 221
Fold 1: TabICL (deep+raw)
TabICL: 1244 samples, 25 features
  → Deep embeddings: 512D
  → Final shape: 537 features
  → Embeddings: 537 features
Early stopping at epoch 52
Early stopping at epoch 332
Early stopping at epoch 33
Early stopping at epoch 203
Early stopping at epoch 29
Early stopping at epoch 153
Early stopping at epoch 52
Early stopping at epoch 357
Early stopping at epoch 49
Early stopping at epoch 297
Early stopping at epoch 38
Early stopping at epoch 245
Early stopping at epoch 62
Early stopping at epoch 375
Early stopping at epoch 79
Early stopping at epoch 326
Early stopping at epoch 54
Early stopping at epoch 325
Fold 2: TabICL (deep+raw)
TabICL: 1244 samples, 25 features
  → Deep embeddings: 512D
  → Final shape: 537 features
  → Embeddings: 537 features
Early stopping at epoch 68
Early stopping at epoch 53
Early stopping at epoch 272
Early stopping at epoch 36
Early stopping at epoch 230
Early stopping at epoch 68
Early stopping at epoch 418
Early stopping at epoch 53
Early stopping at epoch 321
Early stopping at epoch 55
Early stopping at epoch 353
Early stopping at epoch 68
Early stopping at epoch 435
Early stopping at epoch 123
Early stopping at epoch 305
Early stopping at epoch 98
Early stopping at epoch 355
Fold 3: TabICL (deep+raw)
TabICL: 1244 samples, 25 features
  → Deep embeddings: 512D
  → Final shape: 537 features
  → Embeddings: 537 features
Early stopping at epoch 87
Early stopping at epoch 360
Early stopping at epoch 32
Early stopping at epoch 184
Early stopping at epoch 45
Early stopping at epoch 219
Early stopping at epoch 83
Early stopping at epoch 273
Early stopping at epoch 60
Early stopping at epoch 280
Early stopping at epoch 44
Early stopping at epoch 303
Early stopping at epoch 50
Early stopping at epoch 296
Early stopping at epoch 58
Early stopping at epoch 264
Early stopping at epoch 49
Early stopping at epoch 356
Fold 4: TabICL (deep+raw)
TabICL: 1244 samples, 25 features
  → Deep embeddings: 512D
  → Final shape: 537 features
  → Embeddings: 537 features
Early stopping at epoch 36
Early stopping at epoch 151
Early stopping at epoch 30
Early stopping at epoch 133
Early stopping at epoch 42
Early stopping at epoch 202
Early stopping at epoch 36
Early stopping at epoch 151
Early stopping at epoch 32
Early stopping at epoch 191
Early stopping at epoch 54
Early stopping at epoch 260
Early stopping at epoch 36
Early stopping at epoch 254
Early stopping at epoch 71
Early stopping at epoch 198
Early stopping at epoch 55
Early stopping at epoch 236
  → DeepSurv (deep+raw): C-Index=0.8642, IBS=0.1242

================================================================================
FINAL SUMMARY
================================================================================

Model           Mode       C-Index (q50)   IBS       
--------------------------------------------------
CoxPH           deep       0.8531        0.1267
CoxPH           deep+raw   0.8491        0.1254
CoxPH           raw        0.8415        0.1349
DeepSurv        deep       0.8676        0.1246
DeepSurv        deep+raw   0.8642        0.1242
DeepSurv        raw        0.8540        0.1369
RSF             deep       0.8452        0.1359
RSF             deep+raw   0.8599        0.1198
RSF             raw        0.8617        0.1166
XGBoost         deep       0.8352        0.2022
XGBoost         deep+raw   0.8480        0.2022
XGBoost         raw        0.8582        0.1987

Results saved to: /vol/miltank/users/sajb/Project/NeuralFineGray/tabICL/results/cv_pbc/cv_results_final_20251201_164905.json
==========================================
Completed at: Mon  1 Dec 16:49:09 CET 2025
==========================================
